[debug] [2022-01-28T05:14:08.773Z] ----------------------------------------------------------------------
[debug] [2022-01-28T05:14:08.777Z] Command:       C:\Program Files\nodejs\node.exe C:\Users\amalj\AppData\Roaming\npm\node_modules\firebase-tools\lib\bin\firebase.js init hosting
[debug] [2022-01-28T05:14:08.778Z] CLI Version:   10.1.1
[debug] [2022-01-28T05:14:08.778Z] Platform:      win32
[debug] [2022-01-28T05:14:08.778Z] Node Version:  v16.13.2
[debug] [2022-01-28T05:14:08.780Z] Time:          Fri Jan 28 2022 10:44:08 GMT+0530 (India Standard Time)
[debug] [2022-01-28T05:14:08.781Z] ----------------------------------------------------------------------
[debug] 
[debug] [2022-01-28T05:14:08.908Z] > command requires scopes: ["email","openid","https://www.googleapis.com/auth/cloudplatformprojects.readonly","https://www.googleapis.com/auth/firebase","https://www.googleapis.com/auth/cloud-platform"]
[debug] [2022-01-28T05:14:08.909Z] > authorizing via signed-in user (amaljohn2304@gmail.com)
[info] 
     ######## #### ########  ######## ########     ###     ######  ########
     ##        ##  ##     ## ##       ##     ##  ##   ##  ##       ##
     ######    ##  ########  ######   ########  #########  ######  ######
     ##        ##  ##    ##  ##       ##     ## ##     ##       ## ##
     ##       #### ##     ## ######## ########  ##     ##  ######  ########

You're about to initialize a Firebase project in this directory:

  D:\projects\spotify\spotify-2-yt

Before we get started, keep in mind:

  * You are initializing within an existing Firebase project directory

[info] 
=== Project Setup
[info] 
[info] First, let's associate this project directory with a Firebase project.
[info] You can create multiple project aliases by running firebase use --add, 
[info] but for now we'll just set up a default project.
[info] 
[debug] [2022-01-28T05:14:16.317Z] Using project from CLI flag: spotify-1f3ba
[debug] [2022-01-28T05:14:16.321Z] > refreshing access token with scopes: []
[debug] [2022-01-28T05:14:16.323Z] >>> HTTP REQUEST POST https://www.googleapis.com/oauth2/v3/token  
 <request body omitted>
[debug] [2022-01-28T05:14:16.642Z] <<< HTTP RESPONSE 200 {"expires":"Mon, 01 Jan 1990 00:00:00 GMT","cache-control":"no-cache, no-store, max-age=0, must-revalidate","date":"Fri, 28 Jan 2022 05:14:17 GMT","pragma":"no-cache","content-type":"application/json; charset=utf-8","vary":"X-Origin, Referer, Origin,Accept-Encoding","server":"scaffolding on HTTPServer2","x-xss-protection":"0","x-frame-options":"SAMEORIGIN","x-content-type-options":"nosniff","alt-svc":"h3=\":443\"; ma=2592000,h3-29=\":443\"; ma=2592000,h3-Q050=\":443\"; ma=2592000,h3-Q046=\":443\"; ma=2592000,h3-Q043=\":443\"; ma=2592000,quic=\":443\"; ma=2592000; v=\"46,43\"","accept-ranges":"none","transfer-encoding":"chunked"}
[debug] [2022-01-28T05:14:16.660Z] >>> [apiv2][query] GET https://firebase.googleapis.com/v1beta1/projects/spotify-1f3ba [none]
[debug] [2022-01-28T05:14:17.306Z] <<< [apiv2][status] GET https://firebase.googleapis.com/v1beta1/projects/spotify-1f3ba 200
[debug] [2022-01-28T05:14:17.307Z] <<< [apiv2][body] GET https://firebase.googleapis.com/v1beta1/projects/spotify-1f3ba {"projectId":"spotify-1f3ba","projectNumber":"187755884958","displayName":"Spotify","name":"projects/spotify-1f3ba","resources":{"hostingSite":"spotify-1f3ba"},"state":"ACTIVE"}
[info] i  Using project spotify-1f3ba (Spotify) 
[info] 
=== Hosting Setup
[info] 
[info] Your public directory is the folder (relative to your project directory) that
[info] will contain Hosting assets to be uploaded with firebase deploy. If you
[info] have a build process for your assets, use your build's output directory.
[info] 
